<?xml version="1.0" encoding="UTF-8"?>
<testsuite name="com.kapumota.calculador.CalculadorApplicationTests" tests="1" skipped="0" failures="0" errors="0" timestamp="2023-07-01T23:43:15" hostname="lara" time="0.69">
  <properties/>
  <testcase name="contextLoads()" classname="com.kapumota.calculador.CalculadorApplicationTests" time="0.69"/>
  <system-out><![CDATA[18:43:11.725 [Test worker] DEBUG org.springframework.test.context.BootstrapUtils - Instantiating CacheAwareContextLoaderDelegate from class [org.springframework.test.context.cache.DefaultCacheAwareContextLoaderDelegate]
18:43:11.757 [Test worker] DEBUG org.springframework.test.context.BootstrapUtils - Instantiating BootstrapContext using constructor [public org.springframework.test.context.support.DefaultBootstrapContext(java.lang.Class,org.springframework.test.context.CacheAwareContextLoaderDelegate)]
18:43:11.859 [Test worker] DEBUG org.springframework.test.context.BootstrapUtils - Instantiating TestContextBootstrapper for test class [com.kapumota.calculador.CalculadorApplicationTests] from class [org.springframework.boot.test.context.SpringBootTestContextBootstrapper]
18:43:11.881 [Test worker] INFO org.springframework.boot.test.context.SpringBootTestContextBootstrapper - Neither @ContextConfiguration nor @ContextHierarchy found for test class [com.kapumota.calculador.CalculadorApplicationTests], using SpringBootContextLoader
18:43:11.890 [Test worker] DEBUG org.springframework.test.context.support.AbstractContextLoader - Did not detect default resource location for test class [com.kapumota.calculador.CalculadorApplicationTests]: class path resource [com/kapumota/calculador/CalculadorApplicationTests-context.xml] does not exist
18:43:11.891 [Test worker] DEBUG org.springframework.test.context.support.AbstractContextLoader - Did not detect default resource location for test class [com.kapumota.calculador.CalculadorApplicationTests]: class path resource [com/kapumota/calculador/CalculadorApplicationTestsContext.groovy] does not exist
18:43:11.891 [Test worker] INFO org.springframework.test.context.support.AbstractContextLoader - Could not detect default resource locations for test class [com.kapumota.calculador.CalculadorApplicationTests]: no resource found for suffixes {-context.xml, Context.groovy}.
18:43:11.893 [Test worker] INFO org.springframework.test.context.support.AnnotationConfigContextLoaderUtils - Could not detect default configuration classes for test class [com.kapumota.calculador.CalculadorApplicationTests]: CalculadorApplicationTests does not declare any static, non-private, non-final, nested classes annotated with @Configuration.
18:43:11.982 [Test worker] DEBUG org.springframework.test.context.support.ActiveProfilesUtils - Could not find an 'annotation declaring class' for annotation type [org.springframework.test.context.ActiveProfiles] and class [com.kapumota.calculador.CalculadorApplicationTests]
18:43:12.119 [Test worker] DEBUG org.springframework.context.annotation.ClassPathScanningCandidateComponentProvider - Identified candidate component class: file [/home/clara/Desktop/calculador2/build/classes/java/main/com/kapumota/calculador/CalculadorApplication.class]
18:43:12.132 [Test worker] INFO org.springframework.boot.test.context.SpringBootTestContextBootstrapper - Found @SpringBootConfiguration com.kapumota.calculador.CalculadorApplication for test class com.kapumota.calculador.CalculadorApplicationTests
18:43:12.316 [Test worker] DEBUG org.springframework.boot.test.context.SpringBootTestContextBootstrapper - @TestExecutionListeners is not present for class [com.kapumota.calculador.CalculadorApplicationTests]: using defaults.
18:43:12.317 [Test worker] INFO org.springframework.boot.test.context.SpringBootTestContextBootstrapper - Loaded default TestExecutionListener class names from location [META-INF/spring.factories]: [org.springframework.boot.test.autoconfigure.restdocs.RestDocsTestExecutionListener, org.springframework.boot.test.autoconfigure.web.client.MockRestServiceServerResetTestExecutionListener, org.springframework.boot.test.autoconfigure.web.servlet.MockMvcPrintOnlyOnFailureTestExecutionListener, org.springframework.boot.test.autoconfigure.web.servlet.WebDriverTestExecutionListener, org.springframework.boot.test.autoconfigure.webservices.client.MockWebServiceServerTestExecutionListener, org.springframework.boot.test.mock.mockito.MockitoTestExecutionListener, org.springframework.boot.test.mock.mockito.ResetMocksTestExecutionListener, org.springframework.test.context.web.ServletTestExecutionListener, org.springframework.test.context.support.DirtiesContextBeforeModesTestExecutionListener, org.springframework.test.context.event.ApplicationEventsTestExecutionListener, org.springframework.test.context.support.DependencyInjectionTestExecutionListener, org.springframework.test.context.support.DirtiesContextTestExecutionListener, org.springframework.test.context.transaction.TransactionalTestExecutionListener, org.springframework.test.context.jdbc.SqlScriptsTestExecutionListener, org.springframework.test.context.event.EventPublishingTestExecutionListener]
18:43:12.338 [Test worker] DEBUG org.springframework.boot.test.context.SpringBootTestContextBootstrapper - Skipping candidate TestExecutionListener [org.springframework.test.context.transaction.TransactionalTestExecutionListener] due to a missing dependency. Specify custom listener classes or make the default listener classes and their required dependencies available. Offending class: [org/springframework/transaction/interceptor/TransactionAttributeSource]
18:43:12.339 [Test worker] DEBUG org.springframework.boot.test.context.SpringBootTestContextBootstrapper - Skipping candidate TestExecutionListener [org.springframework.test.context.jdbc.SqlScriptsTestExecutionListener] due to a missing dependency. Specify custom listener classes or make the default listener classes and their required dependencies available. Offending class: [org/springframework/transaction/interceptor/TransactionAttribute]
18:43:12.339 [Test worker] INFO org.springframework.boot.test.context.SpringBootTestContextBootstrapper - Using TestExecutionListeners: [org.springframework.test.context.web.ServletTestExecutionListener@18371d89, org.springframework.test.context.support.DirtiesContextBeforeModesTestExecutionListener@4f3faa70, org.springframework.test.context.event.ApplicationEventsTestExecutionListener@4832f03b, org.springframework.boot.test.mock.mockito.MockitoTestExecutionListener@7af3874e, org.springframework.boot.test.autoconfigure.SpringBootDependencyInjectionTestExecutionListener@5a8816cc, org.springframework.test.context.support.DirtiesContextTestExecutionListener@68565bc7, org.springframework.test.context.event.EventPublishingTestExecutionListener@37baddde, org.springframework.boot.test.autoconfigure.restdocs.RestDocsTestExecutionListener@5115f590, org.springframework.boot.test.autoconfigure.web.client.MockRestServiceServerResetTestExecutionListener@4b31a708, org.springframework.boot.test.autoconfigure.web.servlet.MockMvcPrintOnlyOnFailureTestExecutionListener@11e355ca, org.springframework.boot.test.autoconfigure.web.servlet.WebDriverTestExecutionListener@70d63e05, org.springframework.boot.test.autoconfigure.webservices.client.MockWebServiceServerTestExecutionListener@e11ecfa, org.springframework.boot.test.mock.mockito.ResetMocksTestExecutionListener@485e13d7]
18:43:12.344 [Test worker] DEBUG org.springframework.test.context.support.AbstractDirtiesContextTestExecutionListener - Before test class: context [DefaultTestContext@58015e56 testClass = CalculadorApplicationTests, testInstance = [null], testMethod = [null], testException = [null], mergedContextConfiguration = [WebMergedContextConfiguration@4d3c6593 testClass = CalculadorApplicationTests, locations = '{}', classes = '{class com.kapumota.calculador.CalculadorApplication}', contextInitializerClasses = '[]', activeProfiles = '{}', propertySourceLocations = '{}', propertySourceProperties = '{org.springframework.boot.test.context.SpringBootTestContextBootstrapper=true}', contextCustomizers = set[org.springframework.boot.test.autoconfigure.actuate.metrics.MetricsExportContextCustomizerFactory$DisableMetricExportContextCustomizer@cfbc8e8, org.springframework.boot.test.autoconfigure.properties.PropertyMappingContextCustomizer@0, org.springframework.boot.test.autoconfigure.web.servlet.WebDriverContextCustomizerFactory$Customizer@3b05a99b, org.springframework.boot.test.context.filter.ExcludeFilterContextCustomizer@67b7c170, org.springframework.boot.test.json.DuplicateJsonObjectContextCustomizerFactory$DuplicateJsonObjectContextCustomizer@ba354ca, org.springframework.boot.test.mock.mockito.MockitoContextCustomizer@0, org.springframework.boot.test.web.client.TestRestTemplateContextCustomizer@61fafb74, org.springframework.boot.test.context.SpringBootTestArgs@1, org.springframework.boot.test.context.SpringBootTestWebEnvironment@2cae1042], resourceBasePath = 'src/main/webapp', contextLoader = 'org.springframework.boot.test.context.SpringBootContextLoader', parent = [null]], attributes = map['org.springframework.test.context.web.ServletTestExecutionListener.activateListener' -> true]], class annotated with @DirtiesContext [false] with mode [null].
18:43:12.463 [Test worker] DEBUG org.springframework.boot.ApplicationServletEnvironment - Activating profiles []
18:43:12.464 [Test worker] DEBUG org.springframework.test.context.support.TestPropertySourceUtils - Adding inlined properties to environment: {spring.jmx.enabled=false, org.springframework.boot.test.context.SpringBootTestContextBootstrapper=true}

  .   ____          _            __ _ _
 /\\ / ___'_ __ _ _(_)_ __  __ _ \ \ \ \
( ( )\___ | '_ | '_| | '_ \/ _` | \ \ \ \
 \\/  ___)| |_)| | | | | || (_| |  ) ) ) )
  '  |____| .__|_| |_|_| |_\__, | / / / /
 =========|_|==============|___/=/_/_/_/
 :: Spring Boot ::                (v2.6.1)

2023-07-01 18:43:13.033  INFO 1281771 --- [    Test worker] c.k.c.CalculadorApplicationTests         : Starting CalculadorApplicationTests using Java 17.0.6 on lara with PID 1281771 (started by clara in /home/clara/Desktop/calculador2)
2023-07-01 18:43:13.035  INFO 1281771 --- [    Test worker] c.k.c.CalculadorApplicationTests         : No active profile set, falling back to default profiles: default
2023-07-01 18:43:15.785  INFO 1281771 --- [    Test worker] c.k.c.CalculadorApplicationTests         : Started CalculadorApplicationTests in 3.318 seconds (JVM running for 7.581)
]]></system-out>
  <system-err><![CDATA[]]></system-err>
</testsuite>
